Using pre-set license
Built from '2022.3/staging' branch; Version is '2022.3.22f1 (887be4894c44) revision 8944612'; Using compiler version '192829333'; Build Type 'Release'
OS: 'Windows 11  (10.0.22631) 64bit Core' Language: 'de' Physical Memory: 16254 MB
BatchMode: 1, IsHumanControllingUs: 0, StartBugReporterOnCrash: 0, Is64bit: 1, IsPro: 1

COMMAND LINE ARGUMENTS:
C:\Program Files\Unity\Hub\Editor\2022.3.22f1\Editor\Unity.exe
-adb2
-batchMode
-noUpm
-name
AssetImportWorker0
-projectPath
C:/Users/Loren/Desktop/Repo_2DPlatformer/2DPlatformer
-logFile
Logs/AssetImportWorker0.log
-srvPort
51387
Successfully changed project path to: C:/Users/Loren/Desktop/Repo_2DPlatformer/2DPlatformer
C:/Users/Loren/Desktop/Repo_2DPlatformer/2DPlatformer
[UnityMemory] Configuration Parameters - Can be set up in boot.config
    "memorysetup-bucket-allocator-granularity=16"
    "memorysetup-bucket-allocator-bucket-count=8"
    "memorysetup-bucket-allocator-block-size=33554432"
    "memorysetup-bucket-allocator-block-count=8"
    "memorysetup-main-allocator-block-size=16777216"
    "memorysetup-thread-allocator-block-size=16777216"
    "memorysetup-gfx-main-allocator-block-size=16777216"
    "memorysetup-gfx-thread-allocator-block-size=16777216"
    "memorysetup-cache-allocator-block-size=4194304"
    "memorysetup-typetree-allocator-block-size=2097152"
    "memorysetup-profiler-bucket-allocator-granularity=16"
    "memorysetup-profiler-bucket-allocator-bucket-count=8"
    "memorysetup-profiler-bucket-allocator-block-size=33554432"
    "memorysetup-profiler-bucket-allocator-block-count=8"
    "memorysetup-profiler-allocator-block-size=16777216"
    "memorysetup-profiler-editor-allocator-block-size=1048576"
    "memorysetup-temp-allocator-size-main=16777216"
    "memorysetup-job-temp-allocator-block-size=2097152"
    "memorysetup-job-temp-allocator-block-size-background=1048576"
    "memorysetup-job-temp-allocator-reduction-small-platforms=262144"
    "memorysetup-allocator-temp-initial-block-size-main=262144"
    "memorysetup-allocator-temp-initial-block-size-worker=262144"
    "memorysetup-temp-allocator-size-background-worker=32768"
    "memorysetup-temp-allocator-size-job-worker=262144"
    "memorysetup-temp-allocator-size-preload-manager=33554432"
    "memorysetup-temp-allocator-size-nav-mesh-worker=65536"
    "memorysetup-temp-allocator-size-audio-worker=65536"
    "memorysetup-temp-allocator-size-cloud-worker=32768"
    "memorysetup-temp-allocator-size-gi-baking-worker=262144"
    "memorysetup-temp-allocator-size-gfx=262144"
Player connection [14976] Host "[IP] 192.168.178.22 [Port] 0 [Flags] 2 [Guid] 3743207653 [EditorId] 3743207653 [Version] 1048832 [Id] WindowsEditor(7,LAPTOP-V2F3BAS9) [Debug] 1 [PackageName] WindowsEditor [ProjectName] Editor" joined multi-casting on [225.0.0.222:54997]...

Player connection [14976] Host "[IP] 192.168.178.22 [Port] 0 [Flags] 2 [Guid] 3743207653 [EditorId] 3743207653 [Version] 1048832 [Id] WindowsEditor(7,LAPTOP-V2F3BAS9) [Debug] 1 [PackageName] WindowsEditor [ProjectName] Editor" joined alternative multi-casting on [225.0.0.222:34997]...

[Physics::Module] Initialized MultithreadedJobDispatcher with 11 workers.
Refreshing native plugins compatible for Editor in 31.37 ms, found 4 plugins.
Preloading 0 native plugins for Editor in 0.00 ms.
Initialize engine version: 2022.3.22f1 (887be4894c44)
[Subsystems] Discovering subsystems at path C:/Program Files/Unity/Hub/Editor/2022.3.22f1/Editor/Data/Resources/UnitySubsystems
[Subsystems] Discovering subsystems at path C:/Users/Loren/Desktop/Repo_2DPlatformer/2DPlatformer/Assets
GfxDevice: creating device client; threaded=0; jobified=0
Direct3D:
    Version:  Direct3D 11.0 [level 11.1]
    Renderer: NVIDIA GeForce RTX 2060 (ID=0x1f11)
    Vendor:   NVIDIA
    VRAM:     5955 MB
    Driver:   31.0.15.5123
Initialize mono
Mono path[0] = 'C:/Program Files/Unity/Hub/Editor/2022.3.22f1/Editor/Data/Managed'
Mono path[1] = 'C:/Program Files/Unity/Hub/Editor/2022.3.22f1/Editor/Data/MonoBleedingEdge/lib/mono/unityjit-win32'
Mono config path = 'C:/Program Files/Unity/Hub/Editor/2022.3.22f1/Editor/Data/MonoBleedingEdge/etc'
Using monoOptions --debugger-agent=transport=dt_socket,embedding=1,server=y,suspend=n,address=127.0.0.1:56392
Begin MonoManager ReloadAssembly
Registering precompiled unity dll's ...
Register platform support module: C:/Program Files/Unity/Hub/Editor/2022.3.22f1/Editor/Data/PlaybackEngines/WebGLSupport/UnityEditor.WebGL.Extensions.dll
Register platform support module: C:/Program Files/Unity/Hub/Editor/2022.3.22f1/Editor/Data/PlaybackEngines/WindowsStandaloneSupport/UnityEditor.WindowsStandalone.Extensions.dll
Registered in 0.016341 seconds.
- Loaded All Assemblies, in  0.567 seconds
Native extension for WindowsStandalone target not found
Native extension for WebGL target not found
Mono: successfully reloaded assembly
- Finished resetting the current domain, in  0.437 seconds
Domain Reload Profiling: 999ms
	BeginReloadAssembly (165ms)
		ExecutionOrderSort (0ms)
		DisableScriptedObjects (0ms)
		BackupInstance (0ms)
		ReleaseScriptingObjects (0ms)
		CreateAndSetChildDomain (1ms)
	RebuildCommonClasses (52ms)
	RebuildNativeTypeToScriptingClass (15ms)
	initialDomainReloadingComplete (102ms)
	LoadAllAssembliesAndSetupDomain (226ms)
		LoadAssemblies (160ms)
		RebuildTransferFunctionScriptingTraits (0ms)
		AnalyzeDomain (224ms)
			TypeCache.Refresh (222ms)
				TypeCache.ScanAssembly (202ms)
			ScanForSourceGeneratedMonoScriptInfo (0ms)
			ResolveRequiredComponents (1ms)
	FinalizeReload (437ms)
		ReleaseScriptCaches (0ms)
		RebuildScriptCaches (0ms)
		SetupLoadedEditorAssemblies (348ms)
			LogAssemblyErrors (0ms)
			InitializePlatformSupportModulesInManaged (14ms)
			SetLoadedEditorAssemblies (10ms)
			RefreshPlugins (0ms)
			BeforeProcessingInitializeOnLoad (5ms)
			ProcessInitializeOnLoadAttributes (237ms)
			ProcessInitializeOnLoadMethodAttributes (82ms)
			AfterProcessingInitializeOnLoad (0ms)
			EditorAssembliesLoaded (0ms)
		ExecutionOrderSort2 (0ms)
		AwakeInstancesAfterBackupRestoration (0ms)
========================================================================
Worker process is ready to serve import requests
Begin MonoManager ReloadAssembly
- Loaded All Assemblies, in  0.850 seconds
Refreshing native plugins compatible for Editor in 9.40 ms, found 4 plugins.
Native extension for WindowsStandalone target not found
Native extension for WebGL target not found
Package Manager log level set to [2]
[Package Manager] Server::EnsureServerProcessIsRunning -- launch failed, reason: Unity was launched with the -noUpm command-line argument
[Package Manager] UpmClient::Send -- Unable to send message (not connected to UPM process).
[Package Manager] Cannot connect to Unity Package Manager local server
Mono: successfully reloaded assembly
- Finished resetting the current domain, in  0.762 seconds
Domain Reload Profiling: 1605ms
	BeginReloadAssembly (185ms)
		ExecutionOrderSort (0ms)
		DisableScriptedObjects (6ms)
		BackupInstance (0ms)
		ReleaseScriptingObjects (0ms)
		CreateAndSetChildDomain (25ms)
	RebuildCommonClasses (37ms)
	RebuildNativeTypeToScriptingClass (15ms)
	initialDomainReloadingComplete (57ms)
	LoadAllAssembliesAndSetupDomain (548ms)
		LoadAssemblies (437ms)
		RebuildTransferFunctionScriptingTraits (0ms)
		AnalyzeDomain (220ms)
			TypeCache.Refresh (190ms)
				TypeCache.ScanAssembly (172ms)
			ScanForSourceGeneratedMonoScriptInfo (22ms)
			ResolveRequiredComponents (7ms)
	FinalizeReload (763ms)
		ReleaseScriptCaches (0ms)
		RebuildScriptCaches (0ms)
		SetupLoadedEditorAssemblies (576ms)
			LogAssemblyErrors (0ms)
			InitializePlatformSupportModulesInManaged (8ms)
			SetLoadedEditorAssemblies (3ms)
			RefreshPlugins (0ms)
			BeforeProcessingInitializeOnLoad (83ms)
			ProcessInitializeOnLoadAttributes (426ms)
			ProcessInitializeOnLoadMethodAttributes (43ms)
			AfterProcessingInitializeOnLoad (12ms)
			EditorAssembliesLoaded (0ms)
		ExecutionOrderSort2 (0ms)
		AwakeInstancesAfterBackupRestoration (18ms)
Launched and connected shader compiler UnityShaderCompiler.exe after 0.07 seconds
Refreshing native plugins compatible for Editor in 10.14 ms, found 4 plugins.
Preloading 0 native plugins for Editor in 0.00 ms.
Unloading 4033 Unused Serialized files (Serialized files now loaded: 0)
Unloading 70 unused Assets / (244.8 KB). Loaded Objects now: 4488.
Memory consumption went from 143.6 MB to 143.4 MB.
Total: 3.938900 ms (FindLiveObjects: 0.343600 ms CreateObjectMapping: 0.209200 ms MarkObjects: 3.195300 ms  DeleteObjects: 0.190200 ms)

AssetImportParameters requested are different than current active one (requested -> active):
  custom:container-demuxer-ogg: 62fdf1f143b41e24485cea50d1cbac27 -> 
  custom:video-decoder-ogg-theora: a1e56fd34408186e4bbccfd4996cb3dc -> 
  custom:framework-win-MediaFoundation: 216162199b28c13a410421893ffa2e32 -> 
  custom:CustomObjectIndexerAttribute: 9a22284fe3817be447336de3de66b15e -> 
  custom:container-demuxer-webm: 4f35f7cbe854078d1ac9338744f61a02 -> 
  custom:container-muxer-webm: aa71ff27fc2769a1b78a27578f13a17b -> 
  custom:video-decoder-webm-vp8: 9c59270c3fd7afecdb556c50c9e8de78 -> 
  custom:SearchIndexIgnoredProperties: e643bd26f0fe6173181afceb89e7c659 -> 
  custom:AudioImporter_EditorPlatform: d09bf68614088b80899f8185d706f6e7 -> 
  custom:video-encoder-webm-vp8: eb34c28f22e8b96e1ab97ce403110664 -> 
  custom:audio-decoder-ogg-vorbis: bf7c407c2cedff20999df2af8eb42d56 -> 
  custom:audio-encoder-webm-vorbis: bf7c407c2cedff20999df2af8eb42d56 -> 
========================================================================
Received Import Request.
  Time since last request: 19443.486115 seconds.
  path: Assets/PixelAdventurePack/Scenes
  artifactKey: Guid(dbc7f956d9ee8744ba00759404b21d27) Importer(815301076,1909f56bfc062723c751e8b465ee728b)
Start importing Assets/PixelAdventurePack/Scenes using Guid(dbc7f956d9ee8744ba00759404b21d27) Importer(815301076,1909f56bfc062723c751e8b465ee728b)  -> (artifact id: '19a34b3f9c4c2c4ba7ddc2596ef1a16c') in 0.002504 seconds
Number of updated asset objects reloaded before import = 0
Number of asset objects unloaded after import = 0
========================================================================
Received Import Request.
  Time since last request: 412.754364 seconds.
  path: Assets/Terrain.prefab
  artifactKey: Guid(9b94b9991b233c14cb28c556f21a551e) Importer(815301076,1909f56bfc062723c751e8b465ee728b)
Start importing Assets/Terrain.prefab using Guid(9b94b9991b233c14cb28c556f21a551e) Importer(815301076,1909f56bfc062723c751e8b465ee728b)  -> (artifact id: 'ee8940a6edd8d6b74d04c56b4c1d4424') in 0.158218 seconds
Number of updated asset objects reloaded before import = 0
Number of asset objects unloaded after import = 10
========================================================================
Received Import Request.
  Time since last request: 167.560064 seconds.
  path: Assets/Terrain.prefab
  artifactKey: Guid(9b94b9991b233c14cb28c556f21a551e) Importer(815301076,1909f56bfc062723c751e8b465ee728b)
Start importing Assets/Terrain.prefab using Guid(9b94b9991b233c14cb28c556f21a551e) Importer(815301076,1909f56bfc062723c751e8b465ee728b)  -> (artifact id: 'a682dbdd24353416dc15d3442ca5b46c') in 0.130824 seconds
Number of updated asset objects reloaded before import = 0
Number of asset objects unloaded after import = 299
========================================================================
Received Import Request.
  Time since last request: 40.496856 seconds.
  path: Assets/PixelAdventurePack/Assets/Terrain/Terrain Sliced (16x16).png
  artifactKey: Guid(fc584d329b77b9545b9c9c8bb829e553) Importer(815301076,1909f56bfc062723c751e8b465ee728b)
Start importing Assets/PixelAdventurePack/Assets/Terrain/Terrain Sliced (16x16).png using Guid(fc584d329b77b9545b9c9c8bb829e553) Importer(815301076,1909f56bfc062723c751e8b465ee728b)  -> (artifact id: '57c20f9fe8f236809826f19dabe680fe') in 0.415967 seconds
Number of updated asset objects reloaded before import = 0
Number of asset objects unloaded after import = 146
========================================================================
Received Import Request.
  Time since last request: 333.510903 seconds.
  path: Assets/PixelAdventurePack/Assets/Background/Blue.png
  artifactKey: Guid(8049ea91a9d5fca4dab4024c0915dbe6) Importer(815301076,1909f56bfc062723c751e8b465ee728b)
Start importing Assets/PixelAdventurePack/Assets/Background/Blue.png using Guid(8049ea91a9d5fca4dab4024c0915dbe6) Importer(815301076,1909f56bfc062723c751e8b465ee728b)  -> (artifact id: '1678c6fab2fd3e34527d2f69932807a7') in 0.025344 seconds
Number of updated asset objects reloaded before import = 0
Number of asset objects unloaded after import = 3
========================================================================
Received Import Request.
  Time since last request: 0.000032 seconds.
  path: Assets/PixelAdventurePack/Assets/Background/Gray.png
  artifactKey: Guid(ffc80c129c9aca14c9fb4dbeba0e10d2) Importer(815301076,1909f56bfc062723c751e8b465ee728b)
Start importing Assets/PixelAdventurePack/Assets/Background/Gray.png using Guid(ffc80c129c9aca14c9fb4dbeba0e10d2) Importer(815301076,1909f56bfc062723c751e8b465ee728b)  -> (artifact id: 'a454a3cabc60c3e776ded6d339ef1246') in 0.014199 seconds
Number of updated asset objects reloaded before import = 0
Number of asset objects unloaded after import = 3
========================================================================
Received Import Request.
  Time since last request: 0.000017 seconds.
  path: Assets/PixelAdventurePack/Assets/Background/Green.png
  artifactKey: Guid(2538710101d0f1f4e8976b3495cd1f75) Importer(815301076,1909f56bfc062723c751e8b465ee728b)
Start importing Assets/PixelAdventurePack/Assets/Background/Green.png using Guid(2538710101d0f1f4e8976b3495cd1f75) Importer(815301076,1909f56bfc062723c751e8b465ee728b)  -> (artifact id: '5875364c679a3f4c87428c01db81a797') in 0.018644 seconds
Number of updated asset objects reloaded before import = 0
Number of asset objects unloaded after import = 3
========================================================================
Received Import Request.
  Time since last request: 0.000016 seconds.
  path: Assets/PixelAdventurePack/Assets/Background/Yellow.png
  artifactKey: Guid(4d8c75a4d7dd2a0489270e1058d82128) Importer(815301076,1909f56bfc062723c751e8b465ee728b)
Start importing Assets/PixelAdventurePack/Assets/Background/Yellow.png using Guid(4d8c75a4d7dd2a0489270e1058d82128) Importer(815301076,1909f56bfc062723c751e8b465ee728b)  -> (artifact id: '38e978405c063d8314fb8e109c01077a') in 0.020559 seconds
Number of updated asset objects reloaded before import = 0
Number of asset objects unloaded after import = 3
========================================================================
Received Import Request.
  Time since last request: 0.000033 seconds.
  path: Assets/PixelAdventurePack/Assets/Background/Pink.png
  artifactKey: Guid(348c3b734b11d3b4aa5c69e25b7113e6) Importer(815301076,1909f56bfc062723c751e8b465ee728b)
Start importing Assets/PixelAdventurePack/Assets/Background/Pink.png using Guid(348c3b734b11d3b4aa5c69e25b7113e6) Importer(815301076,1909f56bfc062723c751e8b465ee728b)  -> (artifact id: '0e9359d5af9b50e56e0da10b1a2da6fe') in 0.022836 seconds
Number of updated asset objects reloaded before import = 0
Number of asset objects unloaded after import = 3
========================================================================
Received Import Request.
  Time since last request: 0.000051 seconds.
  path: Assets/PixelAdventurePack/Assets/Background/Purple.png
  artifactKey: Guid(248611cc7bb8d85448933cee393ce41e) Importer(815301076,1909f56bfc062723c751e8b465ee728b)
Start importing Assets/PixelAdventurePack/Assets/Background/Purple.png using Guid(248611cc7bb8d85448933cee393ce41e) Importer(815301076,1909f56bfc062723c751e8b465ee728b)  -> (artifact id: '57e71f71c83b5812374837df185a292e') in 0.023425 seconds
Number of updated asset objects reloaded before import = 0
Number of asset objects unloaded after import = 3
Editor requested this worker to shutdown with reason: Scaling down because of idle timeout
TcpMessagingSession - receive error: operation aborted. errorcode: 995, details: Der E/A-Vorgang wurde wegen eines Threadendes oder einer Anwendungsanforderung abgebrochen.
AssetImportWorker is now disconnected from the server
Process exiting
Exiting without the bug reporter. Application will terminate with return code 0